-------------------------------------------------------------------------------
Test set: com.openclassroomm.helloworld3.TestTest
-------------------------------------------------------------------------------
Tests run: 1, Failures: 1, Errors: 0, Skipped: 0, Time elapsed: 0 s <<< FAILURE! - in com.openclassroomm.helloworld3.TestTest
test  Time elapsed: 0 s  <<< FAILURE!
org.opentest4j.AssertionFailedError: Not yet implemented
	at com.openclassroomm.helloworld3.TestTest.test(TestTest.java:10)

