-------------------------------------------------------------------------------
Test set: com.openclassroomm.helloworld3.AppTest
-------------------------------------------------------------------------------
Tests run: 1, Failures: 1, Errors: 0, Skipped: 0, Time elapsed: 0.026 s <<< FAILURE! - in com.openclassroomm.helloworld3.AppTest
test  Time elapsed: 0.02 s  <<< FAILURE!
org.opentest4j.AssertionFailedError: Not yet implemented
	at com.openclassroomm.helloworld3.AppTest.test(AppTest.java:17)

